# JRE version: Java(TM) SE Runtime Environment (17.0.14+8) (build 17.0.14+8-LTS-191)
# Java VM: Java HotSpot(TM) 64-Bit Server VM (17.0.14+8-LTS-191, mixed mode, sharing, tiered, compressed oops, compressed class ptrs, g1 gc, windows-amd64)
GC Precious Log:
 CPUs: 32 total, 32 available
 Memory: 32386M
 Large Page Support: Disabled
 NUMA Support: Disabled
 Compressed Oops: Enabled (Zero based)
 Heap Region Size: 4M
 Heap Min Capacity: 8M
 Heap Initial Capacity: 508M
 Heap Max Capacity: 8100M
 Pre-touch: Disabled
 Parallel Workers: 23
 Concurrent Workers: 6
 Concurrent Refinement Workers: 23
 Periodic GC: Disabled
Heap:
 garbage-first heap   total 57344K, used 15617K [0x0000000605c00000, 0x0000000800000000)
  region size 4096K, 2 young (8192K), 1 survivors (4096K)
 Metaspace       used 24474K, committed 24768K, reserved 1114112K
  class space    used 2881K, committed 3008K, reserved 1048576K
GC Heap History (10 events):
Event: 0.314 GC heap before
{Heap before GC invocations=0 (full 0):
 garbage-first heap   total 520192K, used 24576K [0x0000000605c00000, 0x0000000800000000)
  region size 4096K, 6 young (24576K), 0 survivors (0K)
 Metaspace       used 5486K, committed 5696K, reserved 1114112K
  class space    used 652K, committed 768K, reserved 1048576K
}
Event: 0.318 GC heap after
{Heap after GC invocations=1 (full 0):
 garbage-first heap   total 520192K, used 4165K [0x0000000605c00000, 0x0000000800000000)
  region size 4096K, 1 young (4096K), 1 survivors (4096K)
 Metaspace       used 5486K, committed 5696K, reserved 1114112K
  class space    used 652K, committed 768K, reserved 1048576K
}
Event: 0.590 GC heap before
{Heap before GC invocations=1 (full 0):
 garbage-first heap   total 520192K, used 28741K [0x0000000605c00000, 0x0000000800000000)
  region size 4096K, 7 young (28672K), 1 survivors (4096K)
 Metaspace       used 7763K, committed 8000K, reserved 1114112K
  class space    used 921K, committed 1024K, reserved 1048576K
}
Event: 0.592 GC heap after
{Heap after GC invocations=2 (full 0):
 garbage-first heap   total 520192K, used 4926K [0x0000000605c00000, 0x0000000800000000)
  region size 4096K, 1 young (4096K), 1 survivors (4096K)
 Metaspace       used 7763K, committed 8000K, reserved 1114112K
  class space    used 921K, committed 1024K, reserved 1048576K
}
Event: 1.582 GC heap before
{Heap before GC invocations=2 (full 0):
 garbage-first heap   total 520192K, used 58174K [0x0000000605c00000, 0x0000000800000000)
  region size 4096K, 15 young (61440K), 1 survivors (4096K)
 Metaspace       used 21253K, committed 21504K, reserved 1114112K
  class space    used 2586K, committed 2752K, reserved 1048576K
}
Event: 1.586 GC heap after
{Heap after GC invocations=3 (full 0):
 garbage-first heap   total 520192K, used 11152K [0x0000000605c00000, 0x0000000800000000)
  region size 4096K, 2 young (8192K), 2 survivors (8192K)
 Metaspace       used 21253K, committed 21504K, reserved 1114112K
  class space    used 2586K, committed 2752K, reserved 1048576K
}
Event: 4.965 GC heap before
{Heap before GC invocations=4 (full 0):
 garbage-first heap   total 57344K, used 39824K [0x0000000605c00000, 0x0000000800000000)
  region size 4096K, 10 young (40960K), 2 survivors (8192K)
 Metaspace       used 23523K, committed 23808K, reserved 1114112K
  class space    used 2801K, committed 2944K, reserved 1048576K
}
Event: 4.977 GC heap after
{Heap after GC invocations=5 (full 0):
 garbage-first heap   total 57344K, used 13740K [0x0000000605c00000, 0x0000000800000000)
  region size 4096K, 3 young (12288K), 3 survivors (12288K)
 Metaspace       used 23523K, committed 23808K, reserved 1114112K
  class space    used 2801K, committed 2944K, reserved 1048576K
}
Event: 7.049 GC heap before
{Heap before GC invocations=5 (full 0):
 garbage-first heap   total 57344K, used 34220K [0x0000000605c00000, 0x0000000800000000)
  region size 4096K, 8 young (32768K), 3 survivors (12288K)
 Metaspace       used 24180K, committed 24448K, reserved 1114112K
  class space    used 2878K, committed 3008K, reserved 1048576K
}
Event: 7.053 GC heap after
{Heap after GC invocations=6 (full 0):
 garbage-first heap   total 57344K, used 15136K [0x0000000605c00000, 0x0000000800000000)
  region size 4096K, 1 young (4096K), 1 survivors (4096K)
 Metaspace       used 24180K, committed 24448K, reserved 1114112K
  class space    used 2878K, committed 3008K, reserved 1048576K
}

